[0.037s] Invoking command in '/home/daniele/ros2_ws/src/my_bot/build/my_bot': CMAKE_PREFIX_PATH=${CMAKE_PREFIX_PATH}:/home/daniele/ros2_ws/install/unicycle_controller:/opt/ros/humble MESA_EXTENSION_OVERRIDE=  -GL_ARB_buffer_storage   -GL_ARB_multi_draw_indirect   -GL_ARB_texture_buffer_range   -GL_ARB_compute_shader   -GL_ARB_ES3_compatibility /usr/bin/cmake /home/daniele/ros2_ws/src/my_bot -DAMENT_CMAKE_SYMLINK_INSTALL=1 -DCMAKE_INSTALL_PREFIX=/home/daniele/ros2_ws/src/my_bot/install/my_bot
[0.435s] -- The C compiler identification is GNU 11.4.0
[0.681s] -- The CXX compiler identification is GNU 11.4.0
[0.710s] -- Detecting C compiler ABI info
[0.943s] -- Detecting C compiler ABI info - done
[0.958s] -- Check for working C compiler: /usr/bin/cc - skipped
[0.961s] -- Detecting C compile features
[0.962s] -- Detecting C compile features - done
[0.971s] -- Detecting CXX compiler ABI info
[1.172s] -- Detecting CXX compiler ABI info - done
[1.187s] -- Check for working CXX compiler: /usr/bin/c++ - skipped
[1.187s] -- Detecting CXX compile features
[1.188s] -- Detecting CXX compile features - done
[1.213s] -- Found ament_cmake: 1.3.10 (/opt/ros/humble/share/ament_cmake/cmake)
[1.500s] -- Found Python3: /usr/bin/python3 (found version "3.10.12") found components: Interpreter 
[1.661s] -- Override CMake install command with custom implementation using symlinks instead of copying resources
[1.758s] -- Found rclcpp: 16.0.10 (/opt/ros/humble/share/rclcpp/cmake)
[1.891s] -- Found rosidl_generator_c: 3.1.5 (/opt/ros/humble/share/rosidl_generator_c/cmake)
[1.908s] -- Found rosidl_adapter: 3.1.5 (/opt/ros/humble/share/rosidl_adapter/cmake)
[1.930s] -- Found rosidl_generator_cpp: 3.1.5 (/opt/ros/humble/share/rosidl_generator_cpp/cmake)
[1.973s] -- Using all available rosidl_typesupport_c: rosidl_typesupport_fastrtps_c;rosidl_typesupport_introspection_c
[2.016s] -- Using all available rosidl_typesupport_cpp: rosidl_typesupport_fastrtps_cpp;rosidl_typesupport_introspection_cpp
[2.151s] -- Found rmw_implementation_cmake: 6.1.2 (/opt/ros/humble/share/rmw_implementation_cmake/cmake)
[2.162s] -- Found rmw_fastrtps_cpp: 6.2.7 (/opt/ros/humble/share/rmw_fastrtps_cpp/cmake)
[2.395s] -- Found OpenSSL: /usr/lib/x86_64-linux-gnu/libcrypto.so (found version "3.0.2")  
[2.459s] -- Found FastRTPS: /opt/ros/humble/include  
[2.554s] -- Using RMW implementation 'rmw_fastrtps_cpp' as default
[2.588s] -- Looking for pthread.h
[2.821s] -- Looking for pthread.h - found
[2.824s] -- Performing Test CMAKE_HAVE_LIBC_PTHREAD
[3.037s] -- Performing Test CMAKE_HAVE_LIBC_PTHREAD - Success
[3.040s] -- Found Threads: TRUE  
[3.220s] -- Found gazebo_msgs: 3.7.0 (/opt/ros/humble/share/gazebo_msgs/cmake)
[3.362s] -- Found visualization_msgs: 4.2.4 (/opt/ros/humble/share/visualization_msgs/cmake)
[3.471s] -- Found ament_lint_auto: 0.12.11 (/opt/ros/humble/share/ament_lint_auto/cmake)
[3.678s] -- Added test 'copyright' to check source files copyright and LICENSE
[3.715s] -- Added test 'cppcheck' to perform static code analysis on C / C++ code
[3.715s] -- Configured cppcheck include dirs: 
[3.715s] -- Configured cppcheck exclude dirs and/or files: 
[3.749s] -- Added test 'cpplint' to check C / C++ code against the Google style
[3.750s] -- Configured cpplint exclude dirs and/or files: 
[3.754s] -- Added test 'flake8' to check Python code syntax and style conventions
[3.763s] -- Added test 'lint_cmake' to check CMake code style
[3.767s] -- Added test 'pep257' to check Python code against some of the docstring style conventions in PEP 257
[3.799s] -- Added test 'uncrustify' to check C / C++ code style
[3.799s] -- Configured uncrustify additional arguments: 
[3.806s] -- Added test 'xmllint' to check XML markup files
[3.809s] -- Configuring done
[3.835s] -- Generating done
[3.840s] -- Build files have been written to: /home/daniele/ros2_ws/src/my_bot/build/my_bot
[3.863s] Invoked command in '/home/daniele/ros2_ws/src/my_bot/build/my_bot' returned '0': CMAKE_PREFIX_PATH=${CMAKE_PREFIX_PATH}:/home/daniele/ros2_ws/install/unicycle_controller:/opt/ros/humble MESA_EXTENSION_OVERRIDE=  -GL_ARB_buffer_storage   -GL_ARB_multi_draw_indirect   -GL_ARB_texture_buffer_range   -GL_ARB_compute_shader   -GL_ARB_ES3_compatibility /usr/bin/cmake /home/daniele/ros2_ws/src/my_bot -DAMENT_CMAKE_SYMLINK_INSTALL=1 -DCMAKE_INSTALL_PREFIX=/home/daniele/ros2_ws/src/my_bot/install/my_bot
[3.863s] Invoking command in '/home/daniele/ros2_ws/src/my_bot/build/my_bot': CMAKE_PREFIX_PATH=${CMAKE_PREFIX_PATH}:/home/daniele/ros2_ws/install/unicycle_controller:/opt/ros/humble MESA_EXTENSION_OVERRIDE=  -GL_ARB_buffer_storage   -GL_ARB_multi_draw_indirect   -GL_ARB_texture_buffer_range   -GL_ARB_compute_shader   -GL_ARB_ES3_compatibility /usr/bin/cmake --build /home/daniele/ros2_ws/src/my_bot/build/my_bot -- -j4 -l4
[3.981s] [ 50%] [32mBuilding CXX object CMakeFiles/trajectory_visualizer_gazebo.dir/src/TrajectoryVisualizerGazebo.cpp.o[0m
[12.621s] [100%] [32m[1mLinking CXX executable trajectory_visualizer_gazebo[0m
[13.131s] [100%] Built target trajectory_visualizer_gazebo
[13.156s] Invoked command in '/home/daniele/ros2_ws/src/my_bot/build/my_bot' returned '0': CMAKE_PREFIX_PATH=${CMAKE_PREFIX_PATH}:/home/daniele/ros2_ws/install/unicycle_controller:/opt/ros/humble MESA_EXTENSION_OVERRIDE=  -GL_ARB_buffer_storage   -GL_ARB_multi_draw_indirect   -GL_ARB_texture_buffer_range   -GL_ARB_compute_shader   -GL_ARB_ES3_compatibility /usr/bin/cmake --build /home/daniele/ros2_ws/src/my_bot/build/my_bot -- -j4 -l4
[13.260s] Invoking command in '/home/daniele/ros2_ws/src/my_bot/build/my_bot': CMAKE_PREFIX_PATH=${CMAKE_PREFIX_PATH}:/home/daniele/ros2_ws/install/unicycle_controller:/opt/ros/humble MESA_EXTENSION_OVERRIDE=  -GL_ARB_buffer_storage   -GL_ARB_multi_draw_indirect   -GL_ARB_texture_buffer_range   -GL_ARB_compute_shader   -GL_ARB_ES3_compatibility /usr/bin/cmake --install /home/daniele/ros2_ws/src/my_bot/build/my_bot
[13.281s] -- Install configuration: ""
[13.282s] -- Execute custom install script
[13.283s] -- Symlinking: /home/daniele/ros2_ws/src/my_bot/install/my_bot/lib/my_bot/trajectory_visualizer_gazebo
[13.310s] -- Symlinking: /home/daniele/ros2_ws/src/my_bot/install/my_bot/share/my_bot/config/drive_bot.rviz
[13.332s] -- Symlinking: /home/daniele/ros2_ws/src/my_bot/install/my_bot/share/my_bot/config/empty.yaml
[13.355s] -- Symlinking: /home/daniele/ros2_ws/src/my_bot/install/my_bot/share/my_bot/config/viewbot.rviz
[13.377s] -- Symlinking: /home/daniele/ros2_ws/src/my_bot/install/my_bot/share/my_bot/description/gazebo_control.xacro
[13.397s] -- Symlinking: /home/daniele/ros2_ws/src/my_bot/install/my_bot/share/my_bot/description/inertial_macros.xacro
[13.420s] -- Symlinking: /home/daniele/ros2_ws/src/my_bot/install/my_bot/share/my_bot/description/robot.urdf.xacro
[13.439s] -- Symlinking: /home/daniele/ros2_ws/src/my_bot/install/my_bot/share/my_bot/description/robot_core.xacro
[13.458s] -- Symlinking: /home/daniele/ros2_ws/src/my_bot/install/my_bot/share/my_bot/launch/launch_sim.launch.py
[13.477s] -- Symlinking: /home/daniele/ros2_ws/src/my_bot/install/my_bot/share/my_bot/launch/rsp.launch.py
[13.495s] -- Symlinking: /home/daniele/ros2_ws/src/my_bot/install/my_bot/share/my_bot/worlds/environment_visualizer.cpp
[13.516s] -- Symlinking: /home/daniele/ros2_ws/src/my_bot/install/my_bot/share/my_bot/worlds/gazebo_world_generator
[13.535s] -- Symlinking: /home/daniele/ros2_ws/src/my_bot/install/my_bot/share/my_bot/worlds/gazebo_world_generator.cpp
[13.556s] -- Symlinking: /home/daniele/ros2_ws/src/my_bot/install/my_bot/share/my_bot/worlds/input_mat.txt
[13.576s] -- Symlinking: /home/daniele/ros2_ws/src/my_bot/install/my_bot/share/my_bot/worlds/obstacle_recognizer
[13.595s] -- Symlinking: /home/daniele/ros2_ws/src/my_bot/install/my_bot/share/my_bot/worlds/obstacle_recognizer.cpp
[13.614s] -- Symlinking: /home/daniele/ros2_ws/src/my_bot/install/my_bot/share/my_bot/worlds/obstacles.txt
[13.633s] -- Symlinking: /home/daniele/ros2_ws/src/my_bot/install/my_bot/share/my_bot/worlds/obstacles.world
[13.650s] -- Symlinking: /home/daniele/ros2_ws/src/my_bot/install/my_bot/share/my_bot/worlds/path.txt
[13.668s] -- Symlinking: /home/daniele/ros2_ws/src/my_bot/install/my_bot/share/ament_index/resource_index/package_run_dependencies/my_bot
[13.686s] -- Symlinking: /home/daniele/ros2_ws/src/my_bot/install/my_bot/share/ament_index/resource_index/parent_prefix_path/my_bot
[13.704s] -- Symlinking: /home/daniele/ros2_ws/src/my_bot/install/my_bot/share/my_bot/environment/ament_prefix_path.sh
[13.726s] -- Symlinking: /home/daniele/ros2_ws/src/my_bot/install/my_bot/share/my_bot/environment/ament_prefix_path.dsv
[13.744s] -- Symlinking: /home/daniele/ros2_ws/src/my_bot/install/my_bot/share/my_bot/environment/path.sh
[13.762s] -- Symlinking: /home/daniele/ros2_ws/src/my_bot/install/my_bot/share/my_bot/environment/path.dsv
[13.784s] -- Symlinking: /home/daniele/ros2_ws/src/my_bot/install/my_bot/share/my_bot/local_setup.bash
[13.808s] -- Symlinking: /home/daniele/ros2_ws/src/my_bot/install/my_bot/share/my_bot/local_setup.sh
[13.826s] -- Symlinking: /home/daniele/ros2_ws/src/my_bot/install/my_bot/share/my_bot/local_setup.zsh
[13.847s] -- Symlinking: /home/daniele/ros2_ws/src/my_bot/install/my_bot/share/my_bot/local_setup.dsv
[13.867s] -- Symlinking: /home/daniele/ros2_ws/src/my_bot/install/my_bot/share/my_bot/package.dsv
[13.888s] -- Symlinking: /home/daniele/ros2_ws/src/my_bot/install/my_bot/share/ament_index/resource_index/packages/my_bot
[13.908s] -- Symlinking: /home/daniele/ros2_ws/src/my_bot/install/my_bot/share/my_bot/cmake/my_botConfig.cmake
[13.928s] -- Symlinking: /home/daniele/ros2_ws/src/my_bot/install/my_bot/share/my_bot/cmake/my_botConfig-version.cmake
[13.949s] -- Symlinking: /home/daniele/ros2_ws/src/my_bot/install/my_bot/share/my_bot/package.xml
[13.974s] Invoked command in '/home/daniele/ros2_ws/src/my_bot/build/my_bot' returned '0': CMAKE_PREFIX_PATH=${CMAKE_PREFIX_PATH}:/home/daniele/ros2_ws/install/unicycle_controller:/opt/ros/humble MESA_EXTENSION_OVERRIDE=  -GL_ARB_buffer_storage   -GL_ARB_multi_draw_indirect   -GL_ARB_texture_buffer_range   -GL_ARB_compute_shader   -GL_ARB_ES3_compatibility /usr/bin/cmake --install /home/daniele/ros2_ws/src/my_bot/build/my_bot
